
                        DC Professional (TM)
                           DC Expert (TM)
                            DC Ultra (TM)
                       FloorPlan Manager (TM)
                          HDL Compiler (TM)
                         VHDL Compiler (TM)
                        Library Compiler (TM)
                      DesignWare Developer (TM)
                          DFT Compiler (TM)
                            BSD Compiler
                         Power Compiler (TM)

           Version B-2008.09-SP3 for amd64 -- Jan 19, 2009
              Copyright (c) 1988-2008 by Synopsys, Inc.
                         ALL RIGHTS RESERVED

This software and the associated documentation are confidential and 
proprietary to Synopsys, Inc. Your use or disclosure of this software 
is subject to the terms and conditions of a written license agreement 
between you, or your company, and Synopsys, Inc.

The above trademark notice does not imply that you are licensed to use 
all of the listed products. You are licensed to use only those products 
for which you have lawfully obtained a valid license key.

Initializing...
echo "********** CS552 Reading files begin ********************"
********** CS552 Reading files begin ********************
set my_verilog_files [list and2.v decode3_8.v dff.v mux2_1.v mux_4_1.v mux8_1.v nand2.v nor2.v nor3.v not1.v register.v rf.v  ]
and2.v decode3_8.v dff.v mux2_1.v mux_4_1.v mux8_1.v nand2.v nor2.v nor3.v not1.v register.v rf.v
set my_toplevel rf
rf
define_design_lib WORK -path ./WORK
1
analyze -f verilog $my_verilog_files
Running PRESTO HDLC
Searching for ./and2.v
Searching for ./decode3_8.v
Searching for ./dff.v
Searching for ./mux2_1.v
Searching for ./mux_4_1.v
Searching for ./mux8_1.v
Searching for ./nand2.v
Searching for ./nor2.v
Searching for ./nor3.v
Searching for ./not1.v
Searching for ./register.v
Searching for ./rf.v
Compiling source file ./and2.v
Compiling source file ./decode3_8.v
Compiling source file ./dff.v
Warning:  ./dff.v:11: delays for continuous assignment are ignored. (VER-173)
Compiling source file ./mux2_1.v
Compiling source file ./mux_4_1.v
Compiling source file ./mux8_1.v
Compiling source file ./nand2.v
Compiling source file ./nor2.v
Compiling source file ./nor3.v
Compiling source file ./not1.v
Compiling source file ./register.v
Compiling source file ./rf.v
Presto compilation completed successfully.
Loading db file '/u/k/a/karu/courses/cs552/cad/Synopsys_Libraries/libs/gscl45nm.db'
1
elaborate $my_toplevel -architecture verilog
Loading db file '/s/synopsys-2009_03_09/@sys/B-2008.09-SP3/libraries/syn/gtech.db'
Loading db file '/s/synopsys-2009_03_09/@sys/B-2008.09-SP3/libraries/syn/standard.sldb'
  Loading link library 'gscl45nm'
  Loading link library 'gtech'
Running PRESTO HDLC
Presto compilation completed successfully.
Elaborated 1 design.
Current design is now 'rf'.
Information: Building the design 'decode3_8'. (HDL-193)
Presto compilation completed successfully.
Information: Building the design 'and2'. (HDL-193)
Presto compilation completed successfully.
Information: Building the design 'register' instantiated from design 'rf' with
	the parameters "16". (HDL-193)
Presto compilation completed successfully.
Information: Building the design 'mux8_1'. (HDL-193)
Presto compilation completed successfully.
Information: Building the design 'not1'. (HDL-193)
Presto compilation completed successfully.
Information: Building the design 'nor3'. (HDL-193)
Presto compilation completed successfully.
Information: Building the design 'mux2_1'. (HDL-193)
Presto compilation completed successfully.
Information: Building the design 'dff'. (HDL-193)

Inferred memory devices in process
	in routine dff line 13 in file
		'./dff.v'.
===============================================================================
|    Register Name    |   Type    | Width | Bus | MB | AR | AS | SR | SS | ST |
===============================================================================
|      state_reg      | Flip-flop |   1   |  N  | N  | N  | N  | N  | N  | N  |
===============================================================================
Presto compilation completed successfully.
Information: Building the design 'mux4_1'. (HDL-193)
Presto compilation completed successfully.
Information: Building the design 'nand2'. (HDL-193)
Presto compilation completed successfully.
Information: Building the design 'nor2'. (HDL-193)
Presto compilation completed successfully.
1
echo "********** CS552 Reading files end ********************"
********** CS552 Reading files end ********************
current_design $my_toplevel
Current design is 'rf'.
{rf}
#/* The name of the clock pin. If no clock-pin     */
#/* exists, pick anything                          */
set my_clock_pin clk
clk
#/* Target frequency in MHz for optimization       */
set my_clk_freq_MHz 1000
1000
#/* Delay of input signals (Clock-to-Q, Package etc.)  */
set my_input_delay_ns 0.1
0.1
#/* Reserved time for output signals (Holdtime etc.)   */
set my_output_delay_ns 0.1
0.1
#/**************************************************/
#/* No modifications needed below                  */
#/**************************************************/
set verilogout_show_unconnected_pins "true"
true
# analyze -f verilog $my_verilog_files
# elaborate $my_toplevel -architecture verilog
# current_design $my_toplevel
report_hierarchy 
 
****************************************
Report : hierarchy
Design : rf
Version: B-2008.09-SP3
Date   : Sun Mar 18 17:53:09 2012
****************************************

Information: This design contains unmapped logic. (RPT-7)

rf
    and2
        GTECH_AND2                       gtech
    decode3_8
        nor3
            GTECH_NOT                    gtech
            GTECH_OR2                    gtech
        not1
            GTECH_NOT                    gtech
    mux8_1
        mux2_1
            GTECH_NOT                    gtech
            nand2
                GTECH_AND2               gtech
                GTECH_NOT                gtech
            nor2
                GTECH_NOT                gtech
                GTECH_OR2                gtech
            not1
                ...
        mux4_1
            mux2_1
                ...
    register_WIDTHreg16
        dff
            GTECH_BUF                    gtech
            GTECH_NOT                    gtech
        mux2_1
            ...
1
link

  Linking design 'rf'
  Using the following designs and libraries:
  --------------------------------------------------------------------------
  gscl45nm (library)          /u/k/a/karu/courses/cs552/cad/Synopsys_Libraries/libs/gscl45nm.db

1
uniquify
Removing uniquified design 'and2'.
Removing uniquified design 'register_WIDTHreg16'.
Removing uniquified design 'mux8_1'.
Removing uniquified design 'not1'.
Removing uniquified design 'nor3'.
Removing uniquified design 'mux2_1'.
Removing uniquified design 'dff'.
Removing uniquified design 'mux4_1'.
Removing uniquified design 'nand2'.
Removing uniquified design 'nor2'.
  Uniquified 8 instances of design 'and2'.
  Uniquified 8 instances of design 'register_WIDTHreg16'.
  Uniquified 32 instances of design 'mux8_1'.
  Uniquified 1059 instances of design 'not1'.
  Uniquified 8 instances of design 'nor3'.
  Uniquified 352 instances of design 'mux2_1'.
  Uniquified 128 instances of design 'dff'.
  Uniquified 64 instances of design 'mux4_1'.
  Uniquified 704 instances of design 'nand2'.
  Uniquified 352 instances of design 'nor2'.
1
set my_period [expr 1000 / $my_clk_freq_MHz]
1
set find_clock [ find port [list $my_clock_pin] ]
{clk}
if {  $find_clock != [list] } {
   set clk_name $my_clock_pin
   create_clock -period $my_period $clk_name
} else {
   set clk_name vclk
   create_clock -period $my_period -name $clk_name
} 
1
set_driving_cell  -lib_cell INVX1  [all_inputs]
Warning: Design rule attributes from the driving cell will be
	set on the port. (UID-401)
Warning: Design rule attributes from the driving cell will be
	set on the port. (UID-401)
Warning: Design rule attributes from the driving cell will be
	set on the port. (UID-401)
Warning: Design rule attributes from the driving cell will be
	set on the port. (UID-401)
Warning: Design rule attributes from the driving cell will be
	set on the port. (UID-401)
Warning: Design rule attributes from the driving cell will be
	set on the port. (UID-401)
Warning: Design rule attributes from the driving cell will be
	set on the port. (UID-401)
Warning: Design rule attributes from the driving cell will be
	set on the port. (UID-401)
Warning: Design rule attributes from the driving cell will be
	set on the port. (UID-401)
Warning: Design rule attributes from the driving cell will be
	set on the port. (UID-401)
Warning: Design rule attributes from the driving cell will be
	set on the port. (UID-401)
Warning: Design rule attributes from the driving cell will be
	set on the port. (UID-401)
Warning: Design rule attributes from the driving cell will be
	set on the port. (UID-401)
Warning: Design rule attributes from the driving cell will be
	set on the port. (UID-401)
Warning: Design rule attributes from the driving cell will be
	set on the port. (UID-401)
Warning: Design rule attributes from the driving cell will be
	set on the port. (UID-401)
Warning: Design rule attributes from the driving cell will be
	set on the port. (UID-401)
Warning: Design rule attributes from the driving cell will be
	set on the port. (UID-401)
Warning: Design rule attributes from the driving cell will be
	set on the port. (UID-401)
Warning: Design rule attributes from the driving cell will be
	set on the port. (UID-401)
Warning: Design rule attributes from the driving cell will be
	set on the port. (UID-401)
Warning: Design rule attributes from the driving cell will be
	set on the port. (UID-401)
Warning: Design rule attributes from the driving cell will be
	set on the port. (UID-401)
Warning: Design rule attributes from the driving cell will be
	set on the port. (UID-401)
Warning: Design rule attributes from the driving cell will be
	set on the port. (UID-401)
Warning: Design rule attributes from the driving cell will be
	set on the port. (UID-401)
Warning: Design rule attributes from the driving cell will be
	set on the port. (UID-401)
Warning: Design rule attributes from the driving cell will be
	set on the port. (UID-401)
1
set_input_delay $my_input_delay_ns -clock $clk_name [remove_from_collection [all_inputs] $my_clock_pin]
1
set_output_delay $my_output_delay_ns -clock $clk_name [all_outputs]
1
compile -map_effort low  -area_effort low
Warning: The compile -map_effort low is obsolete. Setting this variable now defaults to compile -map_effort medium. Please update your script accordingly. (OPT-1303)
Warning: Setting attribute 'fix_multiple_port_nets' on design 'rf'. (UIO-59)
Information: Evaluating DesignWare library utilization. (UISN-27)

============================================================================
| DesignWare Building Block Library       |      Version       | Available |
============================================================================
| Basic DW Building Blocks                | B-2008.09-DWBB_0901
                                                               |     *     |
| Licensed DW Building Blocks             |                    |           |
============================================================================


Information: There are 1201 potential problems in your design. Please run 'check_design' for more information. (LINT-99)



  Beginning Pass 1 Mapping
  ------------------------
  Processing 'not1_621'
  Processing 'nor2_207'
  Processing 'nand2_414'
  Processing 'mux2_1_207'
  Processing 'mux4_1_30'
  Processing 'mux8_1_15'
  Processing 'dff_0'
  Processing 'register_WIDTHreg16_0'
  Processing 'and2_7'
  Processing 'nor3_0'
  Processing 'decode3_8'
  Processing 'rf'

  Updating timing information
Information: Updating design information... (UID-85)

  Beginning Mapping Optimizations  (Medium effort)
  -------------------------------

  Beginning Delay Optimization Phase
  ----------------------------------

   ELAPSED            WORST NEG TOTAL NEG  DESIGN                            
    TIME      AREA      SLACK     SLACK   RULE COST         ENDPOINT         
  --------- --------- --------- --------- --------- -------------------------
    0:00:05    7640.2      0.00       0.0       3.1                          


  Beginning Design Rule Fixing  (max_capacitance)
  ----------------------------

   ELAPSED            WORST NEG TOTAL NEG  DESIGN                            
    TIME      AREA      SLACK     SLACK   RULE COST         ENDPOINT         
  --------- --------- --------- --------- --------- -------------------------
    0:00:06    7640.2      0.00       0.0       3.1                          
    0:00:07    8162.1      0.00       0.0       1.9 choosefrom8again[7]/mux1/m1/x1/out
    0:00:08    8683.9      0.00       0.0       0.8 my_regs4/mux[5]/x1/out   
    0:00:09    9502.4      0.00       0.0       0.0                          


  Beginning Area-Recovery Phase  (cleanup)
  -----------------------------

   ELAPSED            WORST NEG TOTAL NEG  DESIGN                            
    TIME      AREA      SLACK     SLACK   RULE COST         ENDPOINT         
  --------- --------- --------- --------- --------- -------------------------
    0:00:09    9502.4      0.00       0.0       0.0                          
    0:00:09    9502.4      0.00       0.0       0.0                          
    0:00:10    9039.7      0.00       0.0       0.0                          
    0:00:10    9039.7      0.00       0.0       0.0                          
    0:00:10    9039.7      0.00       0.0       0.0                          
    0:00:10    9039.7      0.00       0.0       0.0                          
    0:00:10    9039.7      0.00       0.0       0.0                          
    0:00:10    8269.1      0.00       0.0       0.0                          
    0:00:10    8131.1      0.00       0.0       0.0                          
    0:00:10    8127.3      0.00       0.0       0.0                          
    0:00:10    8127.3      0.00       0.0       0.0                          
    0:00:10    8127.3      0.00       0.0       0.0                          
    0:00:10    8127.3      0.00       0.0       0.0                          
    0:00:10    8127.3      0.00       0.0       0.0                          
    0:00:10    8127.3      0.00       0.0       0.0                          
    0:00:11    8127.3      0.00       0.0       0.0                          
Loading db file '/u/k/a/karu/courses/cs552/cad/Synopsys_Libraries/libs/gscl45nm.db'

  Optimization Complete
  ---------------------
1
check_design -summary
Warning: In design 'rf', there are 8 cells that don't drive any nets. (LINT-30)
Warning: In design 'rf', there are 128 nets with no drivers.  Logic 0 assumed. (LINT-30)
Warning: In design 'rf', there are 16 ports not connected to any nets. (LINT-30)
Warning: In design 'rf', there are 40 submodules connected to power or ground. (LINT-30)
Warning: In design 'rf', there is 1 output port connected directly to power or ground. (LINT-30)
Warning: In design 'register_WIDTHreg16_7', there are 16 undriven output ports. (LINT-30)
Warning: In design 'register_WIDTHreg16_7', there are 16 hierarchical cell input pins with internal loads, connected to undriven net. (LINT-30)
Warning: In design 'register_WIDTHreg16_0', there are 16 undriven output ports. (LINT-30)
Warning: In design 'register_WIDTHreg16_0', there are 16 hierarchical cell input pins with internal loads, connected to undriven net. (LINT-30)
Warning: In design 'register_WIDTHreg16_1', there are 16 undriven output ports. (LINT-30)
Warning: In design 'register_WIDTHreg16_1', there are 16 hierarchical cell input pins with internal loads, connected to undriven net. (LINT-30)
Warning: In design 'register_WIDTHreg16_2', there are 16 undriven output ports. (LINT-30)
Warning: In design 'register_WIDTHreg16_2', there are 16 hierarchical cell input pins with internal loads, connected to undriven net. (LINT-30)
Warning: In design 'register_WIDTHreg16_3', there are 16 undriven output ports. (LINT-30)
Warning: In design 'register_WIDTHreg16_3', there are 16 hierarchical cell input pins with internal loads, connected to undriven net. (LINT-30)
Warning: In design 'register_WIDTHreg16_4', there are 16 undriven output ports. (LINT-30)
Warning: In design 'register_WIDTHreg16_4', there are 16 hierarchical cell input pins with internal loads, connected to undriven net. (LINT-30)
Warning: In design 'register_WIDTHreg16_5', there are 16 undriven output ports. (LINT-30)
Warning: In design 'register_WIDTHreg16_5', there are 16 hierarchical cell input pins with internal loads, connected to undriven net. (LINT-30)
Warning: In design 'register_WIDTHreg16_6', there are 16 undriven output ports. (LINT-30)
Warning: In design 'register_WIDTHreg16_6', there are 16 hierarchical cell input pins with internal loads, connected to undriven net. (LINT-30)
Warning: In design 'nand2_448', there is 1 leaf cell input pin connected to undriven net. (LINT-30)
Warning: In design 'nand2_450', there is 1 leaf cell input pin connected to undriven net. (LINT-30)
Warning: In design 'nand2_452', there is 1 leaf cell input pin connected to undriven net. (LINT-30)
Warning: In design 'nand2_454', there is 1 leaf cell input pin connected to undriven net. (LINT-30)
Warning: In design 'nand2_456', there is 1 leaf cell input pin connected to undriven net. (LINT-30)
Warning: In design 'nand2_458', there is 1 leaf cell input pin connected to undriven net. (LINT-30)
Warning: In design 'nand2_460', there is 1 leaf cell input pin connected to undriven net. (LINT-30)
Warning: In design 'nand2_462', there is 1 leaf cell input pin connected to undriven net. (LINT-30)
Warning: In design 'nand2_464', there is 1 leaf cell input pin connected to undriven net. (LINT-30)
Warning: In design 'nand2_466', there is 1 leaf cell input pin connected to undriven net. (LINT-30)
Warning: In design 'nand2_468', there is 1 leaf cell input pin connected to undriven net. (LINT-30)
Warning: In design 'nand2_470', there is 1 leaf cell input pin connected to undriven net. (LINT-30)
Warning: In design 'nand2_472', there is 1 leaf cell input pin connected to undriven net. (LINT-30)
Warning: In design 'nand2_474', there is 1 leaf cell input pin connected to undriven net. (LINT-30)
Warning: In design 'nand2_476', there is 1 leaf cell input pin connected to undriven net. (LINT-30)
Warning: In design 'nand2_478', there is 1 leaf cell input pin connected to undriven net. (LINT-30)
Warning: In design 'nand2_480', there is 1 leaf cell input pin connected to undriven net. (LINT-30)
Warning: In design 'nand2_482', there is 1 leaf cell input pin connected to undriven net. (LINT-30)
Warning: In design 'nand2_484', there is 1 leaf cell input pin connected to undriven net. (LINT-30)
Warning: In design 'nand2_486', there is 1 leaf cell input pin connected to undriven net. (LINT-30)
Warning: In design 'nand2_488', there is 1 leaf cell input pin connected to undriven net. (LINT-30)
Warning: In design 'nand2_490', there is 1 leaf cell input pin connected to undriven net. (LINT-30)
Warning: In design 'nand2_492', there is 1 leaf cell input pin connected to undriven net. (LINT-30)
Warning: In design 'nand2_494', there is 1 leaf cell input pin connected to undriven net. (LINT-30)
Warning: In design 'nand2_496', there is 1 leaf cell input pin connected to undriven net. (LINT-30)
Warning: In design 'nand2_498', there is 1 leaf cell input pin connected to undriven net. (LINT-30)
Warning: In design 'nand2_500', there is 1 leaf cell input pin connected to undriven net. (LINT-30)
Warning: In design 'nand2_502', there is 1 leaf cell input pin connected to undriven net. (LINT-30)
Warning: In design 'nand2_504', there is 1 leaf cell input pin connected to undriven net. (LINT-30)
Warning: In design 'nand2_506', there is 1 leaf cell input pin connected to undriven net. (LINT-30)
Warning: In design 'nand2_508', there is 1 leaf cell input pin connected to undriven net. (LINT-30)
Warning: In design 'nand2_510', there is 1 leaf cell input pin connected to undriven net. (LINT-30)
Warning: In design 'nand2_512', there is 1 leaf cell input pin connected to undriven net. (LINT-30)
Warning: In design 'nand2_514', there is 1 leaf cell input pin connected to undriven net. (LINT-30)
Warning: In design 'nand2_516', there is 1 leaf cell input pin connected to undriven net. (LINT-30)
Warning: In design 'nand2_518', there is 1 leaf cell input pin connected to undriven net. (LINT-30)
Warning: In design 'nand2_520', there is 1 leaf cell input pin connected to undriven net. (LINT-30)
Warning: In design 'nand2_522', there is 1 leaf cell input pin connected to undriven net. (LINT-30)
Warning: In design 'nand2_524', there is 1 leaf cell input pin connected to undriven net. (LINT-30)
Warning: In design 'nand2_526', there is 1 leaf cell input pin connected to undriven net. (LINT-30)
Warning: In design 'nand2_528', there is 1 leaf cell input pin connected to undriven net. (LINT-30)
Warning: In design 'nand2_530', there is 1 leaf cell input pin connected to undriven net. (LINT-30)
Warning: In design 'nand2_532', there is 1 leaf cell input pin connected to undriven net. (LINT-30)
Warning: In design 'nand2_534', there is 1 leaf cell input pin connected to undriven net. (LINT-30)
Warning: In design 'nand2_536', there is 1 leaf cell input pin connected to undriven net. (LINT-30)
Warning: In design 'nand2_538', there is 1 leaf cell input pin connected to undriven net. (LINT-30)
Warning: In design 'nand2_540', there is 1 leaf cell input pin connected to undriven net. (LINT-30)
Warning: In design 'nand2_542', there is 1 leaf cell input pin connected to undriven net. (LINT-30)
Warning: In design 'nand2_544', there is 1 leaf cell input pin connected to undriven net. (LINT-30)
Warning: In design 'nand2_546', there is 1 leaf cell input pin connected to undriven net. (LINT-30)
Warning: In design 'nand2_548', there is 1 leaf cell input pin connected to undriven net. (LINT-30)
Warning: In design 'nand2_550', there is 1 leaf cell input pin connected to undriven net. (LINT-30)
Warning: In design 'nand2_552', there is 1 leaf cell input pin connected to undriven net. (LINT-30)
Warning: In design 'nand2_554', there is 1 leaf cell input pin connected to undriven net. (LINT-30)
Warning: In design 'nand2_556', there is 1 leaf cell input pin connected to undriven net. (LINT-30)
Warning: In design 'nand2_558', there is 1 leaf cell input pin connected to undriven net. (LINT-30)
Warning: In design 'nand2_560', there is 1 leaf cell input pin connected to undriven net. (LINT-30)
Warning: In design 'nand2_562', there is 1 leaf cell input pin connected to undriven net. (LINT-30)
Warning: In design 'nand2_564', there is 1 leaf cell input pin connected to undriven net. (LINT-30)
Warning: In design 'nand2_566', there is 1 leaf cell input pin connected to undriven net. (LINT-30)
Warning: In design 'nand2_568', there is 1 leaf cell input pin connected to undriven net. (LINT-30)
Warning: In design 'nand2_570', there is 1 leaf cell input pin connected to undriven net. (LINT-30)
Warning: In design 'nand2_572', there is 1 leaf cell input pin connected to undriven net. (LINT-30)
Warning: In design 'nand2_574', there is 1 leaf cell input pin connected to undriven net. (LINT-30)
Warning: In design 'nand2_576', there is 1 leaf cell input pin connected to undriven net. (LINT-30)
Warning: In design 'nand2_578', there is 1 leaf cell input pin connected to undriven net. (LINT-30)
Warning: In design 'nand2_580', there is 1 leaf cell input pin connected to undriven net. (LINT-30)
Warning: In design 'nand2_582', there is 1 leaf cell input pin connected to undriven net. (LINT-30)
Warning: In design 'nand2_584', there is 1 leaf cell input pin connected to undriven net. (LINT-30)
Warning: In design 'nand2_586', there is 1 leaf cell input pin connected to undriven net. (LINT-30)
Warning: In design 'nand2_588', there is 1 leaf cell input pin connected to undriven net. (LINT-30)
Warning: In design 'nand2_590', there is 1 leaf cell input pin connected to undriven net. (LINT-30)
Warning: In design 'nand2_592', there is 1 leaf cell input pin connected to undriven net. (LINT-30)
Warning: In design 'nand2_594', there is 1 leaf cell input pin connected to undriven net. (LINT-30)
Warning: In design 'nand2_596', there is 1 leaf cell input pin connected to undriven net. (LINT-30)
Warning: In design 'nand2_598', there is 1 leaf cell input pin connected to undriven net. (LINT-30)
Warning: In design 'nand2_600', there is 1 leaf cell input pin connected to undriven net. (LINT-30)
Warning: In design 'nand2_602', there is 1 leaf cell input pin connected to undriven net. (LINT-30)
Warning: In design 'nand2_604', there is 1 leaf cell input pin connected to undriven net. (LINT-30)
Warning: In design 'nand2_606', there is 1 leaf cell input pin connected to undriven net. (LINT-30)
Warning: In design 'nand2_608', there is 1 leaf cell input pin connected to undriven net. (LINT-30)
Warning: In design 'nand2_610', there is 1 leaf cell input pin connected to undriven net. (LINT-30)
Warning: In design 'nand2_612', there is 1 leaf cell input pin connected to undriven net. (LINT-30)
Warning: In design 'nand2_614', there is 1 leaf cell input pin connected to undriven net. (LINT-30)
Warning: In design 'nand2_616', there is 1 leaf cell input pin connected to undriven net. (LINT-30)
Warning: In design 'nand2_618', there is 1 leaf cell input pin connected to undriven net. (LINT-30)
Warning: In design 'nand2_620', there is 1 leaf cell input pin connected to undriven net. (LINT-30)
Warning: In design 'nand2_622', there is 1 leaf cell input pin connected to undriven net. (LINT-30)
Warning: In design 'nand2_624', there is 1 leaf cell input pin connected to undriven net. (LINT-30)
Warning: In design 'nand2_626', there is 1 leaf cell input pin connected to undriven net. (LINT-30)
Warning: In design 'nand2_628', there is 1 leaf cell input pin connected to undriven net. (LINT-30)
Warning: In design 'nand2_630', there is 1 leaf cell input pin connected to undriven net. (LINT-30)
Warning: In design 'nand2_632', there is 1 leaf cell input pin connected to undriven net. (LINT-30)
Warning: In design 'nand2_634', there is 1 leaf cell input pin connected to undriven net. (LINT-30)
Warning: In design 'nand2_636', there is 1 leaf cell input pin connected to undriven net. (LINT-30)
Warning: In design 'nand2_638', there is 1 leaf cell input pin connected to undriven net. (LINT-30)
Warning: In design 'nand2_640', there is 1 leaf cell input pin connected to undriven net. (LINT-30)
Warning: In design 'nand2_642', there is 1 leaf cell input pin connected to undriven net. (LINT-30)
Warning: In design 'nand2_644', there is 1 leaf cell input pin connected to undriven net. (LINT-30)
Warning: In design 'nand2_646', there is 1 leaf cell input pin connected to undriven net. (LINT-30)
Warning: In design 'nand2_648', there is 1 leaf cell input pin connected to undriven net. (LINT-30)
Warning: In design 'nand2_650', there is 1 leaf cell input pin connected to undriven net. (LINT-30)
Warning: In design 'nand2_652', there is 1 leaf cell input pin connected to undriven net. (LINT-30)
Warning: In design 'nand2_654', there is 1 leaf cell input pin connected to undriven net. (LINT-30)
Warning: In design 'nand2_656', there is 1 leaf cell input pin connected to undriven net. (LINT-30)
Warning: In design 'nand2_658', there is 1 leaf cell input pin connected to undriven net. (LINT-30)
Warning: In design 'nand2_660', there is 1 leaf cell input pin connected to undriven net. (LINT-30)
Warning: In design 'nand2_662', there is 1 leaf cell input pin connected to undriven net. (LINT-30)
Warning: In design 'nand2_664', there is 1 leaf cell input pin connected to undriven net. (LINT-30)
Warning: In design 'nand2_666', there is 1 leaf cell input pin connected to undriven net. (LINT-30)
Warning: In design 'nand2_668', there is 1 leaf cell input pin connected to undriven net. (LINT-30)
Warning: In design 'nand2_670', there is 1 leaf cell input pin connected to undriven net. (LINT-30)
Warning: In design 'nand2_702', there is 1 leaf cell input pin connected to undriven net. (LINT-30)
Warning: In design 'nand2_700', there is 1 leaf cell input pin connected to undriven net. (LINT-30)
Warning: In design 'nand2_698', there is 1 leaf cell input pin connected to undriven net. (LINT-30)
Warning: In design 'nand2_696', there is 1 leaf cell input pin connected to undriven net. (LINT-30)
Warning: In design 'nand2_694', there is 1 leaf cell input pin connected to undriven net. (LINT-30)
Warning: In design 'nand2_692', there is 1 leaf cell input pin connected to undriven net. (LINT-30)
Warning: In design 'nand2_690', there is 1 leaf cell input pin connected to undriven net. (LINT-30)
Warning: In design 'nand2_688', there is 1 leaf cell input pin connected to undriven net. (LINT-30)
Warning: In design 'nand2_686', there is 1 leaf cell input pin connected to undriven net. (LINT-30)
Warning: In design 'nand2_684', there is 1 leaf cell input pin connected to undriven net. (LINT-30)
Warning: In design 'nand2_682', there is 1 leaf cell input pin connected to undriven net. (LINT-30)
Warning: In design 'nand2_680', there is 1 leaf cell input pin connected to undriven net. (LINT-30)
Warning: In design 'nand2_678', there is 1 leaf cell input pin connected to undriven net. (LINT-30)
Warning: In design 'nand2_676', there is 1 leaf cell input pin connected to undriven net. (LINT-30)
Warning: In design 'nand2_674', there is 1 leaf cell input pin connected to undriven net. (LINT-30)
Warning: In design 'nand2_672', there is 1 leaf cell input pin connected to undriven net. (LINT-30)

Information: Use the 'check_design' command for 
	 more information about warnings. (LINT-98)

1
report_constraint -all_violators
Information: Updating design information... (UID-85)
 
****************************************
Report : constraint
        -all_violators
Design : rf
Version: B-2008.09-SP3
Date   : Sun Mar 18 17:53:26 2012
****************************************

This design has no violated constraints.

1
set filename [format "%s%s"  $my_toplevel ".syn.v"]
rf.syn.v
write -hierarchy -f verilog $my_toplevel -output synth/$filename
Writing verilog file '/afs/cs.wisc.edu/u/s/t/starr/sandbox/552-project/h3/hw3_3/synth/rf.syn.v'.
Warning: Bus naming style currently specified as %s<%d>, verilog syntax requires bus naming style to be "[]".  (VO-13)
Warning: Changed instance name n1 to n1_inst in module mux2_1_101. Please use the change_names command to make the correct changes before invoking the verilog writer.   (VO-1)
Warning: Changed instance name n1 to n1_inst in module mux2_1_100. Please use the change_names command to make the correct changes before invoking the verilog writer.   (VO-1)
Warning: Changed instance name n1 to n1_inst in module mux2_1_99. Please use the change_names command to make the correct changes before invoking the verilog writer.   (VO-1)
Warning: Changed instance name n1 to n1_inst in module mux2_1_98. Please use the change_names command to make the correct changes before invoking the verilog writer.   (VO-1)
Warning: Changed instance name n1 to n1_inst in module mux2_1_97. Please use the change_names command to make the correct changes before invoking the verilog writer.   (VO-1)
Warning: Changed instance name n1 to n1_inst in module mux2_1_96. Please use the change_names command to make the correct changes before invoking the verilog writer.   (VO-1)
Warning: Changed instance name n1 to n1_inst in module mux2_1_107. Please use the change_names command to make the correct changes before invoking the verilog writer.   (VO-1)
Warning: Changed instance name n1 to n1_inst in module mux2_1_106. Please use the change_names command to make the correct changes before invoking the verilog writer.   (VO-1)
Warning: Changed instance name n1 to n1_inst in module mux2_1_105. Please use the change_names command to make the correct changes before invoking the verilog writer.   (VO-1)
Warning: Changed instance name n1 to n1_inst in module mux2_1_104. Please use the change_names command to make the correct changes before invoking the verilog writer.   (VO-1)
Warning: Changed instance name n1 to n1_inst in module mux2_1_103. Please use the change_names command to make the correct changes before invoking the verilog writer.   (VO-1)
Warning: Changed instance name n1 to n1_inst in module mux2_1_102. Please use the change_names command to make the correct changes before invoking the verilog writer.   (VO-1)
Warning: Changed instance name n1 to n1_inst in module mux2_1_113. Please use the change_names command to make the correct changes before invoking the verilog writer.   (VO-1)
Warning: Changed instance name n1 to n1_inst in module mux2_1_112. Please use the change_names command to make the correct changes before invoking the verilog writer.   (VO-1)
Warning: Changed instance name n1 to n1_inst in module mux2_1_111. Please use the change_names command to make the correct changes before invoking the verilog writer.   (VO-1)
Warning: Changed instance name n1 to n1_inst in module mux2_1_110. Please use the change_names command to make the correct changes before invoking the verilog writer.   (VO-1)
Warning: Changed instance name n1 to n1_inst in module mux2_1_109. Please use the change_names command to make the correct changes before invoking the verilog writer.   (VO-1)
Warning: Changed instance name n1 to n1_inst in module mux2_1_108. Please use the change_names command to make the correct changes before invoking the verilog writer.   (VO-1)
Warning: Changed instance name n1 to n1_inst in module mux2_1_119. Please use the change_names command to make the correct changes before invoking the verilog writer.   (VO-1)
Warning: Changed instance name n1 to n1_inst in module mux2_1_118. Please use the change_names command to make the correct changes before invoking the verilog writer.   (VO-1)
Warning: Changed instance name n1 to n1_inst in module mux2_1_117. Please use the change_names command to make the correct changes before invoking the verilog writer.   (VO-1)
Warning: Changed instance name n1 to n1_inst in module mux2_1_116. Please use the change_names command to make the correct changes before invoking the verilog writer.   (VO-1)
Warning: Changed instance name n1 to n1_inst in module mux2_1_115. Please use the change_names command to make the correct changes before invoking the verilog writer.   (VO-1)
Warning: Changed instance name n1 to n1_inst in module mux2_1_114. Please use the change_names command to make the correct changes before invoking the verilog writer.   (VO-1)
Warning: Changed instance name n1 to n1_inst in module mux2_1_125. Please use the change_names command to make the correct changes before invoking the verilog writer.   (VO-1)
Warning: Changed instance name n1 to n1_inst in module mux2_1_124. Please use the change_names command to make the correct changes before invoking the verilog writer.   (VO-1)
Warning: Changed instance name n1 to n1_inst in module mux2_1_123. Please use the change_names command to make the correct changes before invoking the verilog writer.   (VO-1)
Warning: Changed instance name n1 to n1_inst in module mux2_1_122. Please use the change_names command to make the correct changes before invoking the verilog writer.   (VO-1)
Warning: Changed instance name n1 to n1_inst in module mux2_1_121. Please use the change_names command to make the correct changes before invoking the verilog writer.   (VO-1)
Warning: Changed instance name n1 to n1_inst in module mux2_1_120. Please use the change_names command to make the correct changes before invoking the verilog writer.   (VO-1)
Warning: Changed instance name n1 to n1_inst in module mux2_1_131. Please use the change_names command to make the correct changes before invoking the verilog writer.   (VO-1)
Warning: Changed instance name n1 to n1_inst in module mux2_1_130. Please use the change_names command to make the correct changes before invoking the verilog writer.   (VO-1)
Warning: Changed instance name n1 to n1_inst in module mux2_1_129. Please use the change_names command to make the correct changes before invoking the verilog writer.   (VO-1)
Warning: Changed instance name n1 to n1_inst in module mux2_1_128. Please use the change_names command to make the correct changes before invoking the verilog writer.   (VO-1)
Warning: Changed instance name n1 to n1_inst in module mux2_1_127. Please use the change_names command to make the correct changes before invoking the verilog writer.   (VO-1)
Warning: Changed instance name n1 to n1_inst in module mux2_1_126. Please use the change_names command to make the correct changes before invoking the verilog writer.   (VO-1)
Warning: Changed instance name n1 to n1_inst in module mux2_1_137. Please use the change_names command to make the correct changes before invoking the verilog writer.   (VO-1)
Warning: Changed instance name n1 to n1_inst in module mux2_1_136. Please use the change_names command to make the correct changes before invoking the verilog writer.   (VO-1)
Warning: Changed instance name n1 to n1_inst in module mux2_1_135. Please use the change_names command to make the correct changes before invoking the verilog writer.   (VO-1)
Warning: Changed instance name n1 to n1_inst in module mux2_1_134. Please use the change_names command to make the correct changes before invoking the verilog writer.   (VO-1)
Warning: Changed instance name n1 to n1_inst in module mux2_1_133. Please use the change_names command to make the correct changes before invoking the verilog writer.   (VO-1)
Warning: Changed instance name n1 to n1_inst in module mux2_1_132. Please use the change_names command to make the correct changes before invoking the verilog writer.   (VO-1)
Warning: Changed instance name n1 to n1_inst in module mux2_1_143. Please use the change_names command to make the correct changes before invoking the verilog writer.   (VO-1)
Warning: Changed instance name n1 to n1_inst in module mux2_1_142. Please use the change_names command to make the correct changes before invoking the verilog writer.   (VO-1)
Warning: Changed instance name n1 to n1_inst in module mux2_1_141. Please use the change_names command to make the correct changes before invoking the verilog writer.   (VO-1)
Warning: Changed instance name n1 to n1_inst in module mux2_1_140. Please use the change_names command to make the correct changes before invoking the verilog writer.   (VO-1)
Warning: Changed instance name n1 to n1_inst in module mux2_1_139. Please use the change_names command to make the correct changes before invoking the verilog writer.   (VO-1)
Warning: Changed instance name n1 to n1_inst in module mux2_1_138. Please use the change_names command to make the correct changes before invoking the verilog writer.   (VO-1)
Warning: Changed instance name n1 to n1_inst in module mux2_1_149. Please use the change_names command to make the correct changes before invoking the verilog writer.   (VO-1)
Warning: Changed instance name n1 to n1_inst in module mux2_1_148. Please use the change_names command to make the correct changes before invoking the verilog writer.   (VO-1)
Warning: Changed instance name n1 to n1_inst in module mux2_1_147. Please use the change_names command to make the correct changes before invoking the verilog writer.   (VO-1)
Warning: Changed instance name n1 to n1_inst in module mux2_1_146. Please use the change_names command to make the correct changes before invoking the verilog writer.   (VO-1)
Warning: Changed instance name n1 to n1_inst in module mux2_1_145. Please use the change_names command to make the correct changes before invoking the verilog writer.   (VO-1)
Warning: Changed instance name n1 to n1_inst in module mux2_1_144. Please use the change_names command to make the correct changes before invoking the verilog writer.   (VO-1)
Warning: Changed instance name n1 to n1_inst in module mux2_1_155. Please use the change_names command to make the correct changes before invoking the verilog writer.   (VO-1)
Warning: Changed instance name n1 to n1_inst in module mux2_1_154. Please use the change_names command to make the correct changes before invoking the verilog writer.   (VO-1)
Warning: Changed instance name n1 to n1_inst in module mux2_1_153. Please use the change_names command to make the correct changes before invoking the verilog writer.   (VO-1)
Warning: Changed instance name n1 to n1_inst in module mux2_1_152. Please use the change_names command to make the correct changes before invoking the verilog writer.   (VO-1)
Warning: Changed instance name n1 to n1_inst in module mux2_1_151. Please use the change_names command to make the correct changes before invoking the verilog writer.   (VO-1)
Warning: Changed instance name n1 to n1_inst in module mux2_1_150. Please use the change_names command to make the correct changes before invoking the verilog writer.   (VO-1)
Warning: Changed instance name n1 to n1_inst in module mux2_1_161. Please use the change_names command to make the correct changes before invoking the verilog writer.   (VO-1)
Warning: Changed instance name n1 to n1_inst in module mux2_1_160. Please use the change_names command to make the correct changes before invoking the verilog writer.   (VO-1)
Warning: Changed instance name n1 to n1_inst in module mux2_1_159. Please use the change_names command to make the correct changes before invoking the verilog writer.   (VO-1)
Warning: Changed instance name n1 to n1_inst in module mux2_1_158. Please use the change_names command to make the correct changes before invoking the verilog writer.   (VO-1)
Warning: Changed instance name n1 to n1_inst in module mux2_1_157. Please use the change_names command to make the correct changes before invoking the verilog writer.   (VO-1)
Warning: Changed instance name n1 to n1_inst in module mux2_1_156. Please use the change_names command to make the correct changes before invoking the verilog writer.   (VO-1)
Warning: Changed instance name n1 to n1_inst in module mux2_1_167. Please use the change_names command to make the correct changes before invoking the verilog writer.   (VO-1)
Warning: Changed instance name n1 to n1_inst in module mux2_1_166. Please use the change_names command to make the correct changes before invoking the verilog writer.   (VO-1)
Warning: Changed instance name n1 to n1_inst in module mux2_1_165. Please use the change_names command to make the correct changes before invoking the verilog writer.   (VO-1)
Warning: Changed instance name n1 to n1_inst in module mux2_1_164. Please use the change_names command to make the correct changes before invoking the verilog writer.   (VO-1)
Warning: Changed instance name n1 to n1_inst in module mux2_1_163. Please use the change_names command to make the correct changes before invoking the verilog writer.   (VO-1)
Warning: Changed instance name n1 to n1_inst in module mux2_1_162. Please use the change_names command to make the correct changes before invoking the verilog writer.   (VO-1)
Warning: Changed instance name n1 to n1_inst in module mux2_1_173. Please use the change_names command to make the correct changes before invoking the verilog writer.   (VO-1)
Warning: Changed instance name n1 to n1_inst in module mux2_1_172. Please use the change_names command to make the correct changes before invoking the verilog writer.   (VO-1)
Warning: Changed instance name n1 to n1_inst in module mux2_1_171. Please use the change_names command to make the correct changes before invoking the verilog writer.   (VO-1)
Warning: Changed instance name n1 to n1_inst in module mux2_1_170. Please use the change_names command to make the correct changes before invoking the verilog writer.   (VO-1)
Warning: Changed instance name n1 to n1_inst in module mux2_1_169. Please use the change_names command to make the correct changes before invoking the verilog writer.   (VO-1)
Warning: Changed instance name n1 to n1_inst in module mux2_1_168. Please use the change_names command to make the correct changes before invoking the verilog writer.   (VO-1)
Warning: Changed instance name n1 to n1_inst in module mux2_1_179. Please use the change_names command to make the correct changes before invoking the verilog writer.   (VO-1)
Warning: Changed instance name n1 to n1_inst in module mux2_1_178. Please use the change_names command to make the correct changes before invoking the verilog writer.   (VO-1)
Warning: Changed instance name n1 to n1_inst in module mux2_1_177. Please use the change_names command to make the correct changes before invoking the verilog writer.   (VO-1)
Warning: Changed instance name n1 to n1_inst in module mux2_1_176. Please use the change_names command to make the correct changes before invoking the verilog writer.   (VO-1)
Warning: Changed instance name n1 to n1_inst in module mux2_1_175. Please use the change_names command to make the correct changes before invoking the verilog writer.   (VO-1)
Warning: Changed instance name n1 to n1_inst in module mux2_1_174. Please use the change_names command to make the correct changes before invoking the verilog writer.   (VO-1)
Warning: Changed instance name n1 to n1_inst in module mux2_1_185. Please use the change_names command to make the correct changes before invoking the verilog writer.   (VO-1)
Warning: Changed instance name n1 to n1_inst in module mux2_1_184. Please use the change_names command to make the correct changes before invoking the verilog writer.   (VO-1)
Warning: Changed instance name n1 to n1_inst in module mux2_1_183. Please use the change_names command to make the correct changes before invoking the verilog writer.   (VO-1)
Warning: Changed instance name n1 to n1_inst in module mux2_1_182. Please use the change_names command to make the correct changes before invoking the verilog writer.   (VO-1)
Warning: Changed instance name n1 to n1_inst in module mux2_1_181. Please use the change_names command to make the correct changes before invoking the verilog writer.   (VO-1)
Warning: Changed instance name n1 to n1_inst in module mux2_1_180. Please use the change_names command to make the correct changes before invoking the verilog writer.   (VO-1)
Warning: Changed instance name n1 to n1_inst in module mux2_1_191. Please use the change_names command to make the correct changes before invoking the verilog writer.   (VO-1)
Warning: Changed instance name n1 to n1_inst in module mux2_1_190. Please use the change_names command to make the correct changes before invoking the verilog writer.   (VO-1)
Warning: Changed instance name n1 to n1_inst in module mux2_1_189. Please use the change_names command to make the correct changes before invoking the verilog writer.   (VO-1)
Warning: Changed instance name n1 to n1_inst in module mux2_1_188. Please use the change_names command to make the correct changes before invoking the verilog writer.   (VO-1)
Warning: Changed instance name n1 to n1_inst in module mux2_1_187. Please use the change_names command to make the correct changes before invoking the verilog writer.   (VO-1)
Warning: Changed instance name n1 to n1_inst in module mux2_1_186. Please use the change_names command to make the correct changes before invoking the verilog writer.   (VO-1)
Warning: Changed instance name n1 to n1_inst in module mux2_1_5. Please use the change_names command to make the correct changes before invoking the verilog writer.   (VO-1)
Warning: Changed instance name n1 to n1_inst in module mux2_1_4. Please use the change_names command to make the correct changes before invoking the verilog writer.   (VO-1)
Warning: Changed instance name n1 to n1_inst in module mux2_1_3. Please use the change_names command to make the correct changes before invoking the verilog writer.   (VO-1)
Warning: Changed instance name n1 to n1_inst in module mux2_1_2. Please use the change_names command to make the correct changes before invoking the verilog writer.   (VO-1)
Warning: Changed instance name n1 to n1_inst in module mux2_1_1. Please use the change_names command to make the correct changes before invoking the verilog writer.   (VO-1)
Warning: Changed instance name n1 to n1_inst in module mux2_1_0. Please use the change_names command to make the correct changes before invoking the verilog writer.   (VO-1)
Warning: Changed instance name n1 to n1_inst in module mux2_1_11. Please use the change_names command to make the correct changes before invoking the verilog writer.   (VO-1)
Warning: Changed instance name n1 to n1_inst in module mux2_1_10. Please use the change_names command to make the correct changes before invoking the verilog writer.   (VO-1)
Warning: Changed instance name n1 to n1_inst in module mux2_1_9. Please use the change_names command to make the correct changes before invoking the verilog writer.   (VO-1)
Warning: Changed instance name n1 to n1_inst in module mux2_1_8. Please use the change_names command to make the correct changes before invoking the verilog writer.   (VO-1)
Warning: Changed instance name n1 to n1_inst in module mux2_1_7. Please use the change_names command to make the correct changes before invoking the verilog writer.   (VO-1)
Warning: Changed instance name n1 to n1_inst in module mux2_1_6. Please use the change_names command to make the correct changes before invoking the verilog writer.   (VO-1)
Warning: Changed instance name n1 to n1_inst in module mux2_1_17. Please use the change_names command to make the correct changes before invoking the verilog writer.   (VO-1)
Warning: Changed instance name n1 to n1_inst in module mux2_1_16. Please use the change_names command to make the correct changes before invoking the verilog writer.   (VO-1)
Warning: Changed instance name n1 to n1_inst in module mux2_1_15. Please use the change_names command to make the correct changes before invoking the verilog writer.   (VO-1)
Warning: Changed instance name n1 to n1_inst in module mux2_1_14. Please use the change_names command to make the correct changes before invoking the verilog writer.   (VO-1)
Warning: Changed instance name n1 to n1_inst in module mux2_1_13. Please use the change_names command to make the correct changes before invoking the verilog writer.   (VO-1)
Warning: Changed instance name n1 to n1_inst in module mux2_1_12. Please use the change_names command to make the correct changes before invoking the verilog writer.   (VO-1)
Warning: Changed instance name n1 to n1_inst in module mux2_1_23. Please use the change_names command to make the correct changes before invoking the verilog writer.   (VO-1)
Warning: Changed instance name n1 to n1_inst in module mux2_1_22. Please use the change_names command to make the correct changes before invoking the verilog writer.   (VO-1)
Warning: Changed instance name n1 to n1_inst in module mux2_1_21. Please use the change_names command to make the correct changes before invoking the verilog writer.   (VO-1)
Warning: Changed instance name n1 to n1_inst in module mux2_1_20. Please use the change_names command to make the correct changes before invoking the verilog writer.   (VO-1)
Warning: Changed instance name n1 to n1_inst in module mux2_1_19. Please use the change_names command to make the correct changes before invoking the verilog writer.   (VO-1)
Warning: Changed instance name n1 to n1_inst in module mux2_1_18. Please use the change_names command to make the correct changes before invoking the verilog writer.   (VO-1)
Warning: Changed instance name n1 to n1_inst in module mux2_1_29. Please use the change_names command to make the correct changes before invoking the verilog writer.   (VO-1)
Warning: Changed instance name n1 to n1_inst in module mux2_1_28. Please use the change_names command to make the correct changes before invoking the verilog writer.   (VO-1)
Warning: Changed instance name n1 to n1_inst in module mux2_1_27. Please use the change_names command to make the correct changes before invoking the verilog writer.   (VO-1)
Warning: Changed instance name n1 to n1_inst in module mux2_1_26. Please use the change_names command to make the correct changes before invoking the verilog writer.   (VO-1)
Warning: Changed instance name n1 to n1_inst in module mux2_1_25. Please use the change_names command to make the correct changes before invoking the verilog writer.   (VO-1)
Warning: Changed instance name n1 to n1_inst in module mux2_1_24. Please use the change_names command to make the correct changes before invoking the verilog writer.   (VO-1)
Warning: Changed instance name n1 to n1_inst in module mux2_1_35. Please use the change_names command to make the correct changes before invoking the verilog writer.   (VO-1)
Warning: Changed instance name n1 to n1_inst in module mux2_1_34. Please use the change_names command to make the correct changes before invoking the verilog writer.   (VO-1)
Warning: Changed instance name n1 to n1_inst in module mux2_1_33. Please use the change_names command to make the correct changes before invoking the verilog writer.   (VO-1)
Warning: Changed instance name n1 to n1_inst in module mux2_1_32. Please use the change_names command to make the correct changes before invoking the verilog writer.   (VO-1)
Warning: Changed instance name n1 to n1_inst in module mux2_1_31. Please use the change_names command to make the correct changes before invoking the verilog writer.   (VO-1)
Warning: Changed instance name n1 to n1_inst in module mux2_1_30. Please use the change_names command to make the correct changes before invoking the verilog writer.   (VO-1)
Warning: Changed instance name n1 to n1_inst in module mux2_1_41. Please use the change_names command to make the correct changes before invoking the verilog writer.   (VO-1)
Warning: Changed instance name n1 to n1_inst in module mux2_1_40. Please use the change_names command to make the correct changes before invoking the verilog writer.   (VO-1)
Warning: Changed instance name n1 to n1_inst in module mux2_1_39. Please use the change_names command to make the correct changes before invoking the verilog writer.   (VO-1)
Warning: Changed instance name n1 to n1_inst in module mux2_1_38. Please use the change_names command to make the correct changes before invoking the verilog writer.   (VO-1)
Warning: Changed instance name n1 to n1_inst in module mux2_1_37. Please use the change_names command to make the correct changes before invoking the verilog writer.   (VO-1)
Warning: Changed instance name n1 to n1_inst in module mux2_1_36. Please use the change_names command to make the correct changes before invoking the verilog writer.   (VO-1)
Warning: Changed instance name n1 to n1_inst in module mux2_1_47. Please use the change_names command to make the correct changes before invoking the verilog writer.   (VO-1)
Warning: Changed instance name n1 to n1_inst in module mux2_1_46. Please use the change_names command to make the correct changes before invoking the verilog writer.   (VO-1)
Warning: Changed instance name n1 to n1_inst in module mux2_1_45. Please use the change_names command to make the correct changes before invoking the verilog writer.   (VO-1)
Warning: Changed instance name n1 to n1_inst in module mux2_1_44. Please use the change_names command to make the correct changes before invoking the verilog writer.   (VO-1)
Warning: Changed instance name n1 to n1_inst in module mux2_1_43. Please use the change_names command to make the correct changes before invoking the verilog writer.   (VO-1)
Warning: Changed instance name n1 to n1_inst in module mux2_1_42. Please use the change_names command to make the correct changes before invoking the verilog writer.   (VO-1)
Warning: Changed instance name n1 to n1_inst in module mux2_1_53. Please use the change_names command to make the correct changes before invoking the verilog writer.   (VO-1)
Warning: Changed instance name n1 to n1_inst in module mux2_1_52. Please use the change_names command to make the correct changes before invoking the verilog writer.   (VO-1)
Warning: Changed instance name n1 to n1_inst in module mux2_1_51. Please use the change_names command to make the correct changes before invoking the verilog writer.   (VO-1)
Warning: Changed instance name n1 to n1_inst in module mux2_1_50. Please use the change_names command to make the correct changes before invoking the verilog writer.   (VO-1)
Warning: Changed instance name n1 to n1_inst in module mux2_1_49. Please use the change_names command to make the correct changes before invoking the verilog writer.   (VO-1)
Warning: Changed instance name n1 to n1_inst in module mux2_1_48. Please use the change_names command to make the correct changes before invoking the verilog writer.   (VO-1)
Warning: Changed instance name n1 to n1_inst in module mux2_1_59. Please use the change_names command to make the correct changes before invoking the verilog writer.   (VO-1)
Warning: Changed instance name n1 to n1_inst in module mux2_1_58. Please use the change_names command to make the correct changes before invoking the verilog writer.   (VO-1)
Warning: Changed instance name n1 to n1_inst in module mux2_1_57. Please use the change_names command to make the correct changes before invoking the verilog writer.   (VO-1)
Warning: Changed instance name n1 to n1_inst in module mux2_1_56. Please use the change_names command to make the correct changes before invoking the verilog writer.   (VO-1)
Warning: Changed instance name n1 to n1_inst in module mux2_1_55. Please use the change_names command to make the correct changes before invoking the verilog writer.   (VO-1)
Warning: Changed instance name n1 to n1_inst in module mux2_1_54. Please use the change_names command to make the correct changes before invoking the verilog writer.   (VO-1)
Warning: Changed instance name n1 to n1_inst in module mux2_1_65. Please use the change_names command to make the correct changes before invoking the verilog writer.   (VO-1)
Warning: Changed instance name n1 to n1_inst in module mux2_1_64. Please use the change_names command to make the correct changes before invoking the verilog writer.   (VO-1)
Warning: Changed instance name n1 to n1_inst in module mux2_1_63. Please use the change_names command to make the correct changes before invoking the verilog writer.   (VO-1)
Warning: Changed instance name n1 to n1_inst in module mux2_1_62. Please use the change_names command to make the correct changes before invoking the verilog writer.   (VO-1)
Warning: Changed instance name n1 to n1_inst in module mux2_1_61. Please use the change_names command to make the correct changes before invoking the verilog writer.   (VO-1)
Warning: Changed instance name n1 to n1_inst in module mux2_1_60. Please use the change_names command to make the correct changes before invoking the verilog writer.   (VO-1)
Warning: Changed instance name n1 to n1_inst in module mux2_1_71. Please use the change_names command to make the correct changes before invoking the verilog writer.   (VO-1)
Warning: Changed instance name n1 to n1_inst in module mux2_1_70. Please use the change_names command to make the correct changes before invoking the verilog writer.   (VO-1)
Warning: Changed instance name n1 to n1_inst in module mux2_1_69. Please use the change_names command to make the correct changes before invoking the verilog writer.   (VO-1)
Warning: Changed instance name n1 to n1_inst in module mux2_1_68. Please use the change_names command to make the correct changes before invoking the verilog writer.   (VO-1)
Warning: Changed instance name n1 to n1_inst in module mux2_1_67. Please use the change_names command to make the correct changes before invoking the verilog writer.   (VO-1)
Warning: Changed instance name n1 to n1_inst in module mux2_1_66. Please use the change_names command to make the correct changes before invoking the verilog writer.   (VO-1)
Warning: Changed instance name n1 to n1_inst in module mux2_1_77. Please use the change_names command to make the correct changes before invoking the verilog writer.   (VO-1)
Warning: Changed instance name n1 to n1_inst in module mux2_1_76. Please use the change_names command to make the correct changes before invoking the verilog writer.   (VO-1)
Warning: Changed instance name n1 to n1_inst in module mux2_1_75. Please use the change_names command to make the correct changes before invoking the verilog writer.   (VO-1)
Warning: Changed instance name n1 to n1_inst in module mux2_1_74. Please use the change_names command to make the correct changes before invoking the verilog writer.   (VO-1)
Warning: Changed instance name n1 to n1_inst in module mux2_1_73. Please use the change_names command to make the correct changes before invoking the verilog writer.   (VO-1)
Warning: Changed instance name n1 to n1_inst in module mux2_1_72. Please use the change_names command to make the correct changes before invoking the verilog writer.   (VO-1)
Warning: Changed instance name n1 to n1_inst in module mux2_1_83. Please use the change_names command to make the correct changes before invoking the verilog writer.   (VO-1)
Warning: Changed instance name n1 to n1_inst in module mux2_1_82. Please use the change_names command to make the correct changes before invoking the verilog writer.   (VO-1)
Warning: Changed instance name n1 to n1_inst in module mux2_1_81. Please use the change_names command to make the correct changes before invoking the verilog writer.   (VO-1)
Warning: Changed instance name n1 to n1_inst in module mux2_1_80. Please use the change_names command to make the correct changes before invoking the verilog writer.   (VO-1)
Warning: Changed instance name n1 to n1_inst in module mux2_1_79. Please use the change_names command to make the correct changes before invoking the verilog writer.   (VO-1)
Warning: Changed instance name n1 to n1_inst in module mux2_1_78. Please use the change_names command to make the correct changes before invoking the verilog writer.   (VO-1)
Warning: Changed instance name n1 to n1_inst in module mux2_1_89. Please use the change_names command to make the correct changes before invoking the verilog writer.   (VO-1)
Warning: Changed instance name n1 to n1_inst in module mux2_1_88. Please use the change_names command to make the correct changes before invoking the verilog writer.   (VO-1)
Warning: Changed instance name n1 to n1_inst in module mux2_1_87. Please use the change_names command to make the correct changes before invoking the verilog writer.   (VO-1)
Warning: Changed instance name n1 to n1_inst in module mux2_1_86. Please use the change_names command to make the correct changes before invoking the verilog writer.   (VO-1)
Warning: Changed instance name n1 to n1_inst in module mux2_1_85. Please use the change_names command to make the correct changes before invoking the verilog writer.   (VO-1)
Warning: Changed instance name n1 to n1_inst in module mux2_1_84. Please use the change_names command to make the correct changes before invoking the verilog writer.   (VO-1)
Warning: Changed instance name n1 to n1_inst in module mux2_1_95. Please use the change_names command to make the correct changes before invoking the verilog writer.   (VO-1)
Warning: Changed instance name n1 to n1_inst in module mux2_1_94. Please use the change_names command to make the correct changes before invoking the verilog writer.   (VO-1)
Warning: Changed instance name n1 to n1_inst in module mux2_1_93. Please use the change_names command to make the correct changes before invoking the verilog writer.   (VO-1)
Warning: Changed instance name n1 to n1_inst in module mux2_1_92. Please use the change_names command to make the correct changes before invoking the verilog writer.   (VO-1)
Warning: Changed instance name n1 to n1_inst in module mux2_1_91. Please use the change_names command to make the correct changes before invoking the verilog writer.   (VO-1)
Warning: Changed instance name n1 to n1_inst in module mux2_1_90. Please use the change_names command to make the correct changes before invoking the verilog writer.   (VO-1)
Warning: Changed instance name n1 to n1_inst in module mux2_1_336. Please use the change_names command to make the correct changes before invoking the verilog writer.   (VO-1)
Warning: Changed instance name n1 to n1_inst in module mux2_1_337. Please use the change_names command to make the correct changes before invoking the verilog writer.   (VO-1)
Warning: Changed instance name n1 to n1_inst in module mux2_1_338. Please use the change_names command to make the correct changes before invoking the verilog writer.   (VO-1)
Warning: Changed instance name n1 to n1_inst in module mux2_1_339. Please use the change_names command to make the correct changes before invoking the verilog writer.   (VO-1)
Warning: Changed instance name n1 to n1_inst in module mux2_1_340. Please use the change_names command to make the correct changes before invoking the verilog writer.   (VO-1)
Warning: Changed instance name n1 to n1_inst in module mux2_1_341. Please use the change_names command to make the correct changes before invoking the verilog writer.   (VO-1)
Warning: Changed instance name n1 to n1_inst in module mux2_1_342. Please use the change_names command to make the correct changes before invoking the verilog writer.   (VO-1)
Warning: Changed instance name n1 to n1_inst in module mux2_1_343. Please use the change_names command to make the correct changes before invoking the verilog writer.   (VO-1)
Warning: Changed instance name n1 to n1_inst in module mux2_1_344. Please use the change_names command to make the correct changes before invoking the verilog writer.   (VO-1)
Warning: Changed instance name n1 to n1_inst in module mux2_1_345. Please use the change_names command to make the correct changes before invoking the verilog writer.   (VO-1)
Warning: Changed instance name n1 to n1_inst in module mux2_1_346. Please use the change_names command to make the correct changes before invoking the verilog writer.   (VO-1)
Warning: Changed instance name n1 to n1_inst in module mux2_1_347. Please use the change_names command to make the correct changes before invoking the verilog writer.   (VO-1)
Warning: Changed instance name n1 to n1_inst in module mux2_1_348. Please use the change_names command to make the correct changes before invoking the verilog writer.   (VO-1)
Warning: Changed instance name n1 to n1_inst in module mux2_1_349. Please use the change_names command to make the correct changes before invoking the verilog writer.   (VO-1)
Warning: Changed instance name n1 to n1_inst in module mux2_1_350. Please use the change_names command to make the correct changes before invoking the verilog writer.   (VO-1)
Warning: Changed instance name n1 to n1_inst in module mux2_1_351. Please use the change_names command to make the correct changes before invoking the verilog writer.   (VO-1)
Warning: Changed instance name n1 to n1_inst in module mux2_1_335. Please use the change_names command to make the correct changes before invoking the verilog writer.   (VO-1)
Warning: Changed instance name n1 to n1_inst in module mux2_1_334. Please use the change_names command to make the correct changes before invoking the verilog writer.   (VO-1)
Warning: Changed instance name n1 to n1_inst in module mux2_1_333. Please use the change_names command to make the correct changes before invoking the verilog writer.   (VO-1)
Warning: Changed instance name n1 to n1_inst in module mux2_1_332. Please use the change_names command to make the correct changes before invoking the verilog writer.   (VO-1)
Warning: Changed instance name n1 to n1_inst in module mux2_1_331. Please use the change_names command to make the correct changes before invoking the verilog writer.   (VO-1)
Warning: Changed instance name n1 to n1_inst in module mux2_1_330. Please use the change_names command to make the correct changes before invoking the verilog writer.   (VO-1)
Warning: Changed instance name n1 to n1_inst in module mux2_1_329. Please use the change_names command to make the correct changes before invoking the verilog writer.   (VO-1)
Warning: Changed instance name n1 to n1_inst in module mux2_1_328. Please use the change_names command to make the correct changes before invoking the verilog writer.   (VO-1)
Warning: Changed instance name n1 to n1_inst in module mux2_1_327. Please use the change_names command to make the correct changes before invoking the verilog writer.   (VO-1)
Warning: Changed instance name n1 to n1_inst in module mux2_1_326. Please use the change_names command to make the correct changes before invoking the verilog writer.   (VO-1)
Warning: Changed instance name n1 to n1_inst in module mux2_1_325. Please use the change_names command to make the correct changes before invoking the verilog writer.   (VO-1)
Warning: Changed instance name n1 to n1_inst in module mux2_1_324. Please use the change_names command to make the correct changes before invoking the verilog writer.   (VO-1)
Warning: Changed instance name n1 to n1_inst in module mux2_1_323. Please use the change_names command to make the correct changes before invoking the verilog writer.   (VO-1)
Warning: Changed instance name n1 to n1_inst in module mux2_1_322. Please use the change_names command to make the correct changes before invoking the verilog writer.   (VO-1)
Warning: Changed instance name n1 to n1_inst in module mux2_1_321. Please use the change_names command to make the correct changes before invoking the verilog writer.   (VO-1)
Warning: Changed instance name n1 to n1_inst in module mux2_1_320. Please use the change_names command to make the correct changes before invoking the verilog writer.   (VO-1)
Warning: Changed instance name n1 to n1_inst in module mux2_1_319. Please use the change_names command to make the correct changes before invoking the verilog writer.   (VO-1)
Warning: Changed instance name n1 to n1_inst in module mux2_1_318. Please use the change_names command to make the correct changes before invoking the verilog writer.   (VO-1)
Warning: Changed instance name n1 to n1_inst in module mux2_1_317. Please use the change_names command to make the correct changes before invoking the verilog writer.   (VO-1)
Warning: Changed instance name n1 to n1_inst in module mux2_1_316. Please use the change_names command to make the correct changes before invoking the verilog writer.   (VO-1)
Warning: Changed instance name n1 to n1_inst in module mux2_1_315. Please use the change_names command to make the correct changes before invoking the verilog writer.   (VO-1)
Warning: Changed instance name n1 to n1_inst in module mux2_1_314. Please use the change_names command to make the correct changes before invoking the verilog writer.   (VO-1)
Warning: Changed instance name n1 to n1_inst in module mux2_1_313. Please use the change_names command to make the correct changes before invoking the verilog writer.   (VO-1)
Warning: Changed instance name n1 to n1_inst in module mux2_1_312. Please use the change_names command to make the correct changes before invoking the verilog writer.   (VO-1)
Warning: Changed instance name n1 to n1_inst in module mux2_1_311. Please use the change_names command to make the correct changes before invoking the verilog writer.   (VO-1)
Warning: Changed instance name n1 to n1_inst in module mux2_1_310. Please use the change_names command to make the correct changes before invoking the verilog writer.   (VO-1)
Warning: Changed instance name n1 to n1_inst in module mux2_1_309. Please use the change_names command to make the correct changes before invoking the verilog writer.   (VO-1)
Warning: Changed instance name n1 to n1_inst in module mux2_1_308. Please use the change_names command to make the correct changes before invoking the verilog writer.   (VO-1)
Warning: Changed instance name n1 to n1_inst in module mux2_1_307. Please use the change_names command to make the correct changes before invoking the verilog writer.   (VO-1)
Warning: Changed instance name n1 to n1_inst in module mux2_1_306. Please use the change_names command to make the correct changes before invoking the verilog writer.   (VO-1)
Warning: Changed instance name n1 to n1_inst in module mux2_1_305. Please use the change_names command to make the correct changes before invoking the verilog writer.   (VO-1)
Warning: Changed instance name n1 to n1_inst in module mux2_1_304. Please use the change_names command to make the correct changes before invoking the verilog writer.   (VO-1)
Warning: Changed instance name n1 to n1_inst in module mux2_1_303. Please use the change_names command to make the correct changes before invoking the verilog writer.   (VO-1)
Warning: Changed instance name n1 to n1_inst in module mux2_1_302. Please use the change_names command to make the correct changes before invoking the verilog writer.   (VO-1)
Warning: Changed instance name n1 to n1_inst in module mux2_1_301. Please use the change_names command to make the correct changes before invoking the verilog writer.   (VO-1)
Warning: Changed instance name n1 to n1_inst in module mux2_1_300. Please use the change_names command to make the correct changes before invoking the verilog writer.   (VO-1)
Warning: Changed instance name n1 to n1_inst in module mux2_1_299. Please use the change_names command to make the correct changes before invoking the verilog writer.   (VO-1)
Warning: Changed instance name n1 to n1_inst in module mux2_1_298. Please use the change_names command to make the correct changes before invoking the verilog writer.   (VO-1)
Warning: Changed instance name n1 to n1_inst in module mux2_1_297. Please use the change_names command to make the correct changes before invoking the verilog writer.   (VO-1)
Warning: Changed instance name n1 to n1_inst in module mux2_1_296. Please use the change_names command to make the correct changes before invoking the verilog writer.   (VO-1)
Warning: Changed instance name n1 to n1_inst in module mux2_1_295. Please use the change_names command to make the correct changes before invoking the verilog writer.   (VO-1)
Warning: Changed instance name n1 to n1_inst in module mux2_1_294. Please use the change_names command to make the correct changes before invoking the verilog writer.   (VO-1)
Warning: Changed instance name n1 to n1_inst in module mux2_1_293. Please use the change_names command to make the correct changes before invoking the verilog writer.   (VO-1)
Warning: Changed instance name n1 to n1_inst in module mux2_1_292. Please use the change_names command to make the correct changes before invoking the verilog writer.   (VO-1)
Warning: Changed instance name n1 to n1_inst in module mux2_1_291. Please use the change_names command to make the correct changes before invoking the verilog writer.   (VO-1)
Warning: Changed instance name n1 to n1_inst in module mux2_1_290. Please use the change_names command to make the correct changes before invoking the verilog writer.   (VO-1)
Warning: Changed instance name n1 to n1_inst in module mux2_1_289. Please use the change_names command to make the correct changes before invoking the verilog writer.   (VO-1)
Warning: Changed instance name n1 to n1_inst in module mux2_1_288. Please use the change_names command to make the correct changes before invoking the verilog writer.   (VO-1)
Warning: Changed instance name n1 to n1_inst in module mux2_1_287. Please use the change_names command to make the correct changes before invoking the verilog writer.   (VO-1)
Warning: Changed instance name n1 to n1_inst in module mux2_1_286. Please use the change_names command to make the correct changes before invoking the verilog writer.   (VO-1)
Warning: Changed instance name n1 to n1_inst in module mux2_1_285. Please use the change_names command to make the correct changes before invoking the verilog writer.   (VO-1)
Warning: Changed instance name n1 to n1_inst in module mux2_1_284. Please use the change_names command to make the correct changes before invoking the verilog writer.   (VO-1)
Warning: Changed instance name n1 to n1_inst in module mux2_1_283. Please use the change_names command to make the correct changes before invoking the verilog writer.   (VO-1)
Warning: Changed instance name n1 to n1_inst in module mux2_1_282. Please use the change_names command to make the correct changes before invoking the verilog writer.   (VO-1)
Warning: Changed instance name n1 to n1_inst in module mux2_1_281. Please use the change_names command to make the correct changes before invoking the verilog writer.   (VO-1)
Warning: Changed instance name n1 to n1_inst in module mux2_1_280. Please use the change_names command to make the correct changes before invoking the verilog writer.   (VO-1)
Warning: Changed instance name n1 to n1_inst in module mux2_1_279. Please use the change_names command to make the correct changes before invoking the verilog writer.   (VO-1)
Warning: Changed instance name n1 to n1_inst in module mux2_1_278. Please use the change_names command to make the correct changes before invoking the verilog writer.   (VO-1)
Warning: Changed instance name n1 to n1_inst in module mux2_1_277. Please use the change_names command to make the correct changes before invoking the verilog writer.   (VO-1)
Warning: Changed instance name n1 to n1_inst in module mux2_1_276. Please use the change_names command to make the correct changes before invoking the verilog writer.   (VO-1)
Warning: Changed instance name n1 to n1_inst in module mux2_1_275. Please use the change_names command to make the correct changes before invoking the verilog writer.   (VO-1)
Warning: Changed instance name n1 to n1_inst in module mux2_1_274. Please use the change_names command to make the correct changes before invoking the verilog writer.   (VO-1)
Warning: Changed instance name n1 to n1_inst in module mux2_1_273. Please use the change_names command to make the correct changes before invoking the verilog writer.   (VO-1)
Warning: Changed instance name n1 to n1_inst in module mux2_1_272. Please use the change_names command to make the correct changes before invoking the verilog writer.   (VO-1)
Warning: Changed instance name n1 to n1_inst in module mux2_1_271. Please use the change_names command to make the correct changes before invoking the verilog writer.   (VO-1)
Warning: Changed instance name n1 to n1_inst in module mux2_1_270. Please use the change_names command to make the correct changes before invoking the verilog writer.   (VO-1)
Warning: Changed instance name n1 to n1_inst in module mux2_1_269. Please use the change_names command to make the correct changes before invoking the verilog writer.   (VO-1)
Warning: Changed instance name n1 to n1_inst in module mux2_1_268. Please use the change_names command to make the correct changes before invoking the verilog writer.   (VO-1)
Warning: Changed instance name n1 to n1_inst in module mux2_1_267. Please use the change_names command to make the correct changes before invoking the verilog writer.   (VO-1)
Warning: Changed instance name n1 to n1_inst in module mux2_1_266. Please use the change_names command to make the correct changes before invoking the verilog writer.   (VO-1)
Warning: Changed instance name n1 to n1_inst in module mux2_1_265. Please use the change_names command to make the correct changes before invoking the verilog writer.   (VO-1)
Warning: Changed instance name n1 to n1_inst in module mux2_1_264. Please use the change_names command to make the correct changes before invoking the verilog writer.   (VO-1)
Warning: Changed instance name n1 to n1_inst in module mux2_1_263. Please use the change_names command to make the correct changes before invoking the verilog writer.   (VO-1)
Warning: Changed instance name n1 to n1_inst in module mux2_1_262. Please use the change_names command to make the correct changes before invoking the verilog writer.   (VO-1)
Warning: Changed instance name n1 to n1_inst in module mux2_1_261. Please use the change_names command to make the correct changes before invoking the verilog writer.   (VO-1)
Warning: Changed instance name n1 to n1_inst in module mux2_1_260. Please use the change_names command to make the correct changes before invoking the verilog writer.   (VO-1)
Warning: Changed instance name n1 to n1_inst in module mux2_1_259. Please use the change_names command to make the correct changes before invoking the verilog writer.   (VO-1)
Warning: Changed instance name n1 to n1_inst in module mux2_1_258. Please use the change_names command to make the correct changes before invoking the verilog writer.   (VO-1)
Warning: Changed instance name n1 to n1_inst in module mux2_1_257. Please use the change_names command to make the correct changes before invoking the verilog writer.   (VO-1)
Warning: Changed instance name n1 to n1_inst in module mux2_1_256. Please use the change_names command to make the correct changes before invoking the verilog writer.   (VO-1)
Warning: Changed instance name n1 to n1_inst in module mux2_1_255. Please use the change_names command to make the correct changes before invoking the verilog writer.   (VO-1)
Warning: Changed instance name n1 to n1_inst in module mux2_1_254. Please use the change_names command to make the correct changes before invoking the verilog writer.   (VO-1)
Warning: Changed instance name n1 to n1_inst in module mux2_1_253. Please use the change_names command to make the correct changes before invoking the verilog writer.   (VO-1)
Warning: Changed instance name n1 to n1_inst in module mux2_1_252. Please use the change_names command to make the correct changes before invoking the verilog writer.   (VO-1)
Warning: Changed instance name n1 to n1_inst in module mux2_1_251. Please use the change_names command to make the correct changes before invoking the verilog writer.   (VO-1)
Warning: Changed instance name n1 to n1_inst in module mux2_1_250. Please use the change_names command to make the correct changes before invoking the verilog writer.   (VO-1)
Warning: Changed instance name n1 to n1_inst in module mux2_1_249. Please use the change_names command to make the correct changes before invoking the verilog writer.   (VO-1)
Warning: Changed instance name n1 to n1_inst in module mux2_1_248. Please use the change_names command to make the correct changes before invoking the verilog writer.   (VO-1)
Warning: Changed instance name n1 to n1_inst in module mux2_1_247. Please use the change_names command to make the correct changes before invoking the verilog writer.   (VO-1)
Warning: Changed instance name n1 to n1_inst in module mux2_1_246. Please use the change_names command to make the correct changes before invoking the verilog writer.   (VO-1)
Warning: Changed instance name n1 to n1_inst in module mux2_1_245. Please use the change_names command to make the correct changes before invoking the verilog writer.   (VO-1)
Warning: Changed instance name n1 to n1_inst in module mux2_1_244. Please use the change_names command to make the correct changes before invoking the verilog writer.   (VO-1)
Warning: Changed instance name n1 to n1_inst in module mux2_1_243. Please use the change_names command to make the correct changes before invoking the verilog writer.   (VO-1)
Warning: Changed instance name n1 to n1_inst in module mux2_1_242. Please use the change_names command to make the correct changes before invoking the verilog writer.   (VO-1)
Warning: Changed instance name n1 to n1_inst in module mux2_1_241. Please use the change_names command to make the correct changes before invoking the verilog writer.   (VO-1)
Warning: Changed instance name n1 to n1_inst in module mux2_1_240. Please use the change_names command to make the correct changes before invoking the verilog writer.   (VO-1)
Warning: Changed instance name n1 to n1_inst in module mux2_1_239. Please use the change_names command to make the correct changes before invoking the verilog writer.   (VO-1)
Warning: Changed instance name n1 to n1_inst in module mux2_1_238. Please use the change_names command to make the correct changes before invoking the verilog writer.   (VO-1)
Warning: Changed instance name n1 to n1_inst in module mux2_1_237. Please use the change_names command to make the correct changes before invoking the verilog writer.   (VO-1)
Warning: Changed instance name n1 to n1_inst in module mux2_1_236. Please use the change_names command to make the correct changes before invoking the verilog writer.   (VO-1)
Warning: Changed instance name n1 to n1_inst in module mux2_1_235. Please use the change_names command to make the correct changes before invoking the verilog writer.   (VO-1)
Warning: Changed instance name n1 to n1_inst in module mux2_1_234. Please use the change_names command to make the correct changes before invoking the verilog writer.   (VO-1)
Warning: Changed instance name n1 to n1_inst in module mux2_1_233. Please use the change_names command to make the correct changes before invoking the verilog writer.   (VO-1)
Warning: Changed instance name n1 to n1_inst in module mux2_1_232. Please use the change_names command to make the correct changes before invoking the verilog writer.   (VO-1)
Warning: Changed instance name n1 to n1_inst in module mux2_1_231. Please use the change_names command to make the correct changes before invoking the verilog writer.   (VO-1)
Warning: Changed instance name n1 to n1_inst in module mux2_1_230. Please use the change_names command to make the correct changes before invoking the verilog writer.   (VO-1)
Warning: Changed instance name n1 to n1_inst in module mux2_1_229. Please use the change_names command to make the correct changes before invoking the verilog writer.   (VO-1)
Warning: Changed instance name n1 to n1_inst in module mux2_1_228. Please use the change_names command to make the correct changes before invoking the verilog writer.   (VO-1)
Warning: Changed instance name n1 to n1_inst in module mux2_1_227. Please use the change_names command to make the correct changes before invoking the verilog writer.   (VO-1)
Warning: Changed instance name n1 to n1_inst in module mux2_1_226. Please use the change_names command to make the correct changes before invoking the verilog writer.   (VO-1)
Warning: Changed instance name n1 to n1_inst in module mux2_1_225. Please use the change_names command to make the correct changes before invoking the verilog writer.   (VO-1)
Warning: Changed instance name n1 to n1_inst in module mux2_1_224. Please use the change_names command to make the correct changes before invoking the verilog writer.   (VO-1)
Warning: Changed instance name n1 to n1_inst in module mux2_1_208. Please use the change_names command to make the correct changes before invoking the verilog writer.   (VO-1)
Warning: Changed instance name n1 to n1_inst in module mux2_1_209. Please use the change_names command to make the correct changes before invoking the verilog writer.   (VO-1)
Warning: Changed instance name n1 to n1_inst in module mux2_1_210. Please use the change_names command to make the correct changes before invoking the verilog writer.   (VO-1)
Warning: Changed instance name n1 to n1_inst in module mux2_1_211. Please use the change_names command to make the correct changes before invoking the verilog writer.   (VO-1)
Warning: Changed instance name n1 to n1_inst in module mux2_1_212. Please use the change_names command to make the correct changes before invoking the verilog writer.   (VO-1)
Warning: Changed instance name n1 to n1_inst in module mux2_1_213. Please use the change_names command to make the correct changes before invoking the verilog writer.   (VO-1)
Warning: Changed instance name n1 to n1_inst in module mux2_1_214. Please use the change_names command to make the correct changes before invoking the verilog writer.   (VO-1)
Warning: Changed instance name n1 to n1_inst in module mux2_1_215. Please use the change_names command to make the correct changes before invoking the verilog writer.   (VO-1)
Warning: Changed instance name n1 to n1_inst in module mux2_1_216. Please use the change_names command to make the correct changes before invoking the verilog writer.   (VO-1)
Warning: Changed instance name n1 to n1_inst in module mux2_1_217. Please use the change_names command to make the correct changes before invoking the verilog writer.   (VO-1)
Warning: Changed instance name n1 to n1_inst in module mux2_1_218. Please use the change_names command to make the correct changes before invoking the verilog writer.   (VO-1)
Warning: Changed instance name n1 to n1_inst in module mux2_1_219. Please use the change_names command to make the correct changes before invoking the verilog writer.   (VO-1)
Warning: Changed instance name n1 to n1_inst in module mux2_1_220. Please use the change_names command to make the correct changes before invoking the verilog writer.   (VO-1)
Warning: Changed instance name n1 to n1_inst in module mux2_1_221. Please use the change_names command to make the correct changes before invoking the verilog writer.   (VO-1)
Warning: Changed instance name n1 to n1_inst in module mux2_1_222. Please use the change_names command to make the correct changes before invoking the verilog writer.   (VO-1)
Warning: Changed instance name n1 to n1_inst in module mux2_1_223. Please use the change_names command to make the correct changes before invoking the verilog writer.   (VO-1)
Warning: Changed instance name n1 to n1_inst in module mux2_1_192. Please use the change_names command to make the correct changes before invoking the verilog writer.   (VO-1)
Warning: Changed instance name n1 to n1_inst in module mux2_1_193. Please use the change_names command to make the correct changes before invoking the verilog writer.   (VO-1)
Warning: Changed instance name n1 to n1_inst in module mux2_1_194. Please use the change_names command to make the correct changes before invoking the verilog writer.   (VO-1)
Warning: Changed instance name n1 to n1_inst in module mux2_1_195. Please use the change_names command to make the correct changes before invoking the verilog writer.   (VO-1)
Warning: Changed instance name n1 to n1_inst in module mux2_1_196. Please use the change_names command to make the correct changes before invoking the verilog writer.   (VO-1)
Warning: Changed instance name n1 to n1_inst in module mux2_1_197. Please use the change_names command to make the correct changes before invoking the verilog writer.   (VO-1)
Warning: Changed instance name n1 to n1_inst in module mux2_1_198. Please use the change_names command to make the correct changes before invoking the verilog writer.   (VO-1)
Warning: Changed instance name n1 to n1_inst in module mux2_1_199. Please use the change_names command to make the correct changes before invoking the verilog writer.   (VO-1)
Warning: Changed instance name n1 to n1_inst in module mux2_1_200. Please use the change_names command to make the correct changes before invoking the verilog writer.   (VO-1)
Warning: Changed instance name n1 to n1_inst in module mux2_1_201. Please use the change_names command to make the correct changes before invoking the verilog writer.   (VO-1)
Warning: Changed instance name n1 to n1_inst in module mux2_1_202. Please use the change_names command to make the correct changes before invoking the verilog writer.   (VO-1)
Warning: Changed instance name n1 to n1_inst in module mux2_1_203. Please use the change_names command to make the correct changes before invoking the verilog writer.   (VO-1)
Warning: Changed instance name n1 to n1_inst in module mux2_1_204. Please use the change_names command to make the correct changes before invoking the verilog writer.   (VO-1)
Warning: Changed instance name n1 to n1_inst in module mux2_1_205. Please use the change_names command to make the correct changes before invoking the verilog writer.   (VO-1)
Warning: Changed instance name n1 to n1_inst in module mux2_1_206. Please use the change_names command to make the correct changes before invoking the verilog writer.   (VO-1)
Warning: Changed instance name n1 to n1_inst in module mux2_1_207. Please use the change_names command to make the correct changes before invoking the verilog writer.   (VO-1)
Warning: Verilog 'assign' or 'tran' statements are written out. (VO-4)
1
set filename [format "%s%s"  $my_toplevel ".ddc"]
rf.ddc
write -hierarchy -format ddc -output synth/$filename
Writing ddc file 'synth/rf.ddc'.
1
report_reference > synth/reference_report.txt
report_area > synth/area_report.txt
report_cell > synth/cell_report.txt
report_timing -max_paths 20 > synth/timing_report.txt
report_power > synth/power_report.txt
quit
Information: Defining new variable 'filename'. (CMD-041)
Information: Defining new variable 'my_clk_freq_MHz'. (CMD-041)
Information: Defining new variable 'my_toplevel'. (CMD-041)
Information: Defining new variable 'clk_name'. (CMD-041)
Information: Defining new variable 'find_clock'. (CMD-041)
Information: Defining new variable 'my_output_delay_ns'. (CMD-041)
Information: Defining new variable 'my_period'. (CMD-041)
Information: Defining new variable 'my_verilog_files'. (CMD-041)
Information: Defining new variable 'my_clock_pin'. (CMD-041)
Information: Defining new variable 'my_input_delay_ns'. (CMD-041)

Thank you...
